{
  "RSpec": {
    "coverage": {
      "/Users/aciccone/Desktop/rails_engine/app/models/customer.rb": [
        1,
        1,
        1,
        1,
        null,
        1,
        null,
        null,
        2,
        null,
        null
      ],
      "/Users/aciccone/Desktop/rails_engine/app/models/application_record.rb": [
        1,
        1,
        null
      ],
      "/Users/aciccone/Desktop/rails_engine/app/models/invoice_item.rb": [
        1,
        1,
        1,
        null,
        1,
        1,
        null,
        null,
        1,
        1,
        null,
        null
      ],
      "/Users/aciccone/Desktop/rails_engine/app/models/invoice.rb": [
        1,
        1,
        1,
        1,
        1,
        1,
        null,
        1,
        3,
        2,
        null,
        1,
        null,
        null,
        null
      ],
      "/Users/aciccone/Desktop/rails_engine/app/models/item.rb": [
        1,
        1,
        1,
        1,
        null,
        1,
        1,
        null,
        null,
        1,
        null,
        null,
        null,
        null,
        2,
        null,
        null,
        1,
        null,
        null,
        null,
        2,
        null,
        null,
        1,
        null,
        null,
        null,
        null,
        2,
        null,
        null
      ],
      "/Users/aciccone/Desktop/rails_engine/app/models/merchant.rb": [
        1,
        1,
        1,
        1,
        1,
        1,
        null,
        1,
        null,
        null,
        null,
        null,
        2,
        null,
        null,
        1,
        null,
        null,
        null,
        1,
        null,
        null,
        1,
        null,
        null,
        null,
        null,
        2,
        null,
        null,
        1,
        null,
        null,
        2,
        null,
        null,
        1,
        null,
        null,
        null,
        null,
        1,
        null,
        null
      ],
      "/Users/aciccone/Desktop/rails_engine/app/models/transaction.rb": [
        1,
        1,
        null,
        1,
        14,
        null,
        null
      ],
      "/Users/aciccone/Desktop/rails_engine/app/controllers/api/v1/customers/favorite_merchant_controller.rb": [
        1,
        null,
        1,
        1,
        null,
        null
      ],
      "/Users/aciccone/Desktop/rails_engine/app/controllers/application_controller.rb": [
        1,
        null
      ],
      "/Users/aciccone/Desktop/rails_engine/app/serializers/merchant_serializer.rb": [
        1,
        1,
        null
      ],
      "/Users/aciccone/Desktop/rails_engine/app/controllers/api/v1/customers/find_controller.rb": [
        1,
        1,
        1,
        null,
        null,
        1,
        1,
        null,
        null,
        1,
        null,
        1,
        2,
        null,
        null
      ],
      "/Users/aciccone/Desktop/rails_engine/app/serializers/customer_serializer.rb": [
        1,
        1,
        null
      ],
      "/Users/aciccone/Desktop/rails_engine/app/controllers/api/v1/customers/invoices_controller.rb": [
        1,
        1,
        1,
        null,
        null
      ],
      "/Users/aciccone/Desktop/rails_engine/app/serializers/invoice_serializer.rb": [
        1,
        1,
        null
      ],
      "/Users/aciccone/Desktop/rails_engine/app/controllers/api/v1/customers/transactions_controller.rb": [
        1,
        1,
        1,
        null,
        null
      ],
      "/Users/aciccone/Desktop/rails_engine/app/serializers/transaction_serializer.rb": [
        1,
        1,
        null
      ],
      "/Users/aciccone/Desktop/rails_engine/app/controllers/api/v1/customers_controller.rb": [
        1,
        1,
        1,
        null,
        null,
        1,
        1,
        null,
        null
      ],
      "/Users/aciccone/Desktop/rails_engine/app/controllers/api/v1/invoice_items/find_controller.rb": [
        1,
        null,
        1,
        1,
        0,
        null,
        1,
        null,
        null,
        null,
        1,
        1,
        0,
        null,
        1,
        null,
        null,
        null,
        1,
        null,
        1,
        2,
        null,
        null
      ],
      "/Users/aciccone/Desktop/rails_engine/app/serializers/invoice_item_serializer.rb": [
        1,
        1,
        null,
        1,
        14,
        null,
        null
      ],
      "/Users/aciccone/Desktop/rails_engine/app/controllers/api/v1/invoice_items/invoice_controller.rb": [
        1,
        null,
        1,
        1,
        null,
        null
      ],
      "/Users/aciccone/Desktop/rails_engine/app/controllers/api/v1/invoice_items/item_controller.rb": [
        1,
        1,
        1,
        null,
        null
      ],
      "/Users/aciccone/Desktop/rails_engine/app/serializers/item_serializer.rb": [
        1,
        1,
        null,
        1,
        22,
        null,
        null
      ],
      "/Users/aciccone/Desktop/rails_engine/app/controllers/api/v1/invoice_items_controller.rb": [
        1,
        null,
        null,
        1,
        1,
        null,
        null,
        1,
        1,
        null,
        null
      ],
      "/Users/aciccone/Desktop/rails_engine/app/controllers/api/v1/invoices_controller.rb": [
        1,
        null,
        1,
        1,
        null,
        null,
        1,
        1,
        null,
        null
      ],
      "/Users/aciccone/Desktop/rails_engine/app/controllers/api/v1/invoices/customer_controller.rb": [
        1,
        1,
        1,
        null,
        null
      ],
      "/Users/aciccone/Desktop/rails_engine/app/controllers/api/v1/invoices/find_controller.rb": [
        1,
        1,
        1,
        null,
        null,
        1,
        1,
        null,
        null,
        1,
        null,
        1,
        2,
        null,
        null
      ],
      "/Users/aciccone/Desktop/rails_engine/app/controllers/api/v1/invoices/invoice_items_controller.rb": [
        1,
        1,
        1,
        null,
        null
      ],
      "/Users/aciccone/Desktop/rails_engine/app/controllers/api/v1/invoices/items_controller.rb": [
        1,
        1,
        1,
        null,
        null
      ],
      "/Users/aciccone/Desktop/rails_engine/app/controllers/api/v1/invoices/merchant_controller.rb": [
        1,
        1,
        1,
        null,
        null
      ],
      "/Users/aciccone/Desktop/rails_engine/app/controllers/api/v1/invoices/transactions_controller.rb": [
        1,
        1,
        1,
        null,
        null
      ],
      "/Users/aciccone/Desktop/rails_engine/app/controllers/api/v1/items/best_day_controller.rb": [
        1,
        1,
        1,
        null,
        null
      ],
      "/Users/aciccone/Desktop/rails_engine/app/serializers/best_day_serializer.rb": [
        1,
        1,
        null,
        1,
        1,
        null,
        null
      ],
      "/Users/aciccone/Desktop/rails_engine/app/controllers/api/v1/items/find_controller.rb": [
        1,
        null,
        1,
        1,
        null,
        null,
        1,
        1,
        0,
        null,
        1,
        null,
        null,
        null,
        1,
        null,
        1,
        2,
        null,
        null
      ],
      "/Users/aciccone/Desktop/rails_engine/app/controllers/api/v1/items/invoice_items_controller.rb": [
        1,
        1,
        1,
        null,
        null
      ],
      "/Users/aciccone/Desktop/rails_engine/app/controllers/api/v1/items/merchant_controller.rb": [
        1,
        1,
        1,
        null,
        null
      ],
      "/Users/aciccone/Desktop/rails_engine/app/controllers/api/v1/items/most_items_controller.rb": [
        1,
        1,
        2,
        2,
        null,
        null
      ],
      "/Users/aciccone/Desktop/rails_engine/app/controllers/api/v1/items/most_revenue_controller.rb": [
        1,
        1,
        2,
        2,
        null,
        null
      ],
      "/Users/aciccone/Desktop/rails_engine/app/controllers/api/v1/items_controller.rb": [
        1,
        null,
        1,
        1,
        null,
        null,
        1,
        1,
        null,
        null
      ],
      "/Users/aciccone/Desktop/rails_engine/app/controllers/api/v1/merchants/favorite_customer_controller.rb": [
        1,
        null,
        1,
        1,
        null,
        null
      ],
      "/Users/aciccone/Desktop/rails_engine/app/controllers/api/v1/merchants/find_controller.rb": [
        1,
        null,
        1,
        1,
        null,
        null,
        1,
        1,
        null,
        null,
        1,
        null,
        1,
        2,
        null,
        null
      ],
      "/Users/aciccone/Desktop/rails_engine/app/controllers/api/v1/merchants/invoices_controller.rb": [
        1,
        null,
        1,
        1,
        null,
        null
      ],
      "/Users/aciccone/Desktop/rails_engine/app/controllers/api/v1/merchants/items_controller.rb": [
        1,
        null,
        1,
        1,
        null,
        null
      ],
      "/Users/aciccone/Desktop/rails_engine/app/controllers/api/v1/merchants/most_items_controller.rb": [
        1,
        1,
        2,
        2,
        null,
        null
      ],
      "/Users/aciccone/Desktop/rails_engine/app/controllers/api/v1/merchants/most_revenue_controller.rb": [
        1,
        null,
        1,
        1,
        null,
        null
      ],
      "/Users/aciccone/Desktop/rails_engine/app/controllers/api/v1/merchants/revenue_controller.rb": [
        1,
        null,
        1,
        1,
        1,
        null,
        null,
        1,
        2,
        2,
        null,
        null
      ],
      "/Users/aciccone/Desktop/rails_engine/app/serializers/revenue_serializer.rb": [
        1,
        1,
        null,
        1,
        2,
        null,
        null
      ],
      "/Users/aciccone/Desktop/rails_engine/app/serializers/total_revenue_serializer.rb": [
        1,
        1,
        null,
        1,
        1,
        null,
        null
      ],
      "/Users/aciccone/Desktop/rails_engine/app/controllers/api/v1/merchants_controller.rb": [
        1,
        1,
        1,
        null,
        null,
        1,
        1,
        null,
        null
      ],
      "/Users/aciccone/Desktop/rails_engine/app/controllers/api/v1/transactions/find_controller.rb": [
        1,
        null,
        1,
        1,
        null,
        null,
        1,
        1,
        null,
        null,
        1,
        null,
        1,
        2,
        null,
        null
      ],
      "/Users/aciccone/Desktop/rails_engine/app/controllers/api/v1/transactions/invoice_controller.rb": [
        1,
        null,
        1,
        1,
        null,
        null
      ],
      "/Users/aciccone/Desktop/rails_engine/app/controllers/api/v1/transactions_controller.rb": [
        1,
        1,
        1,
        null,
        null,
        1,
        1,
        null,
        null
      ],
      "/Users/aciccone/Desktop/rails_engine/app/channels/application_cable/channel.rb": [
        0,
        0,
        0,
        0
      ],
      "/Users/aciccone/Desktop/rails_engine/app/channels/application_cable/connection.rb": [
        0,
        0,
        0,
        0
      ],
      "/Users/aciccone/Desktop/rails_engine/app/jobs/application_job.rb": [
        0,
        0
      ],
      "/Users/aciccone/Desktop/rails_engine/app/mailers/application_mailer.rb": [
        0,
        0,
        0,
        0
      ]
    },
    "timestamp": 1480632584
  }
}
